
Servicio iniciado 26/05/2015 a las 12:48:04
12:48:53 se ha conectado pepe
12:49:34 se ha conectado jesus
12:49:37 | jesus | hyy
12:49:50 | pepe | iii
12:49:57 | pepe | iii
12:49:57 | pepe | iii
12:49:58 | pepe | iii
12:49:58 | pepe | iii
12:49:58 | pepe | iii
12:49:58 | pepe | iii
12:49:58 | pepe | iii
12:49:58 | pepe | iii
12:49:58 | pepe | iii
12:49:58 | pepe | iii
12:49:59 | pepe | iii
12:50:10 | pepe | iiidghfdghfg df ghdgdfghg fd fhfgh dgh fh fd gdhg df h gfh fdh fh fgh fgh fg gf hfg fdf hg
[Errno 10054] Se ha forzado la interrupción de una conexión existente por el host remoto
12:50:13 se ha desconectado pepe
[Errno 10054] Se ha forzado la interrupción de una conexión existente por el host remoto
12:50:41 se ha desconectado jesus
12:57:55 se ha conectado jesus
[Errno 10054] Se ha forzado la interrupción de una conexión existente por el host remoto
12:58:11 se ha desconectado jesus
01:06:48 se ha conectado h
[Errno 10054] Se ha forzado la interrupción de una conexión existente por el host remoto
01:06:55 se ha desconectado h
01:08:45 se ha conectado jjj
01:08:58 | jjj | C
[Errno 10054] Se ha forzado la interrupción de una conexión existente por el host remoto
01:09:00 se ha desconectado jjj
01:10:46 se ha conectado l
[Errno 10054] Se ha forzado la interrupción de una conexión existente por el host remoto
01:10:59 se ha desconectado l
01:11:35 se ha conectado h
[Errno 10054] Se ha forzado la interrupción de una conexión existente por el host remoto
01:11:50 se ha desconectado h
01:16:03 se ha conectado g
[Errno 10054] Se ha forzado la interrupción de una conexión existente por el host remoto
01:16:19 se ha desconectado g
01:17:04 se ha conectado j
[Errno 10054] Se ha forzado la interrupción de una conexión existente por el host remoto
01:17:13 se ha desconectado j
01:18:17 se ha conectado nb
[Errno 10054] Se ha forzado la interrupción de una conexión existente por el host remoto
01:18:20 se ha desconectado nb
01:19:39 se ha conectado k
[Errno 10054] Se ha forzado la interrupción de una conexión existente por el host remoto
01:19:54 se ha desconectado k
01:20:01 se ha conectado j
[Errno 10054] Se ha forzado la interrupción de una conexión existente por el host remoto
01:20:13 se ha desconectado j
01:20:43 se ha conectado g
[Errno 10054] Se ha forzado la interrupción de una conexión existente por el host remoto
01:20:55 se ha desconectado g
01:26:43 se ha conectado uu
01:26:51 | uu | +++kklll
[Errno 10054] Se ha forzado la interrupción de una conexión existente por el host remoto
01:26:53 se ha desconectado uu
01:26:19 se ha conectado h+++
[Errno 10054] Se ha forzado la interrupción de una conexión existente por el host remoto
01:26:30 se ha desconectado h+++

Servicio iniciado 26/05/2015 a las 01:30:16
01:30:28 se ha conectado h
01:30:42 | h | hhjjuu er333
[Errno 10054] Se ha forzado la interrupción de una conexión existente por el host remoto
01:30:59 se ha desconectado h

Servicio iniciado 26/05/2015 a las 01:38:38
01:38:46 se ha conectado n
01:38:48 | n | h
01:38:49 | n | h
01:38:53 | n | hjk 89 
[Errno 10054] Se ha forzado la interrupción de una conexión existente por el host remoto
01:38:55 se ha desconectado n

Servicio iniciado 26/05/2015 a las 01:45:56

Servicio iniciado 26/05/2015 a las 01:46:06
